[04/19/21 11:25 AM ]Both license storage C:\ProgramData\Embarcadero\.licenses\.cg_license and backup file are missing. Will create new ones.
[04/19/21 11:25 AM ]----------------------------------------
[04/19/21 11:25 AM ]Operating System: Windows
[04/19/21 11:25 AM ]Current User: UmarovRA
[04/19/21 11:25 AM ]System Registration Key: 11084799
[04/19/21 11:25 AM ]Node Lock: V2Q29XC
[04/19/21 11:25 AM ]
[04/19/21 11:25 AM ]----------------------------------------
[04/19/21 11:25 AM ]
[04/19/21 11:25 AM ]
[04/19/21 11:25 AM ]License: RAD Studio 2010 Architect
[04/19/21 11:25 AM ]Registration Key=0
[04/19/21 11:25 AM ]----------------------------------------
[04/19/21 11:25 AM ]Operating System: Windows
[04/19/21 11:25 AM ]Current User: UmarovRA
[04/19/21 11:25 AM ]System Registration Key: 11084799
[04/19/21 11:25 AM ]Node Lock: V2Q29XC
[04/19/21 11:25 AM ]
[04/19/21 11:25 AM ]----------------------------------------
[04/19/21 11:25 AM ]
[04/19/21 11:25 AM ]
[04/19/21 11:25 AM ]License: RAD Studio 2010 Architect
[04/19/21 11:25 AM ]Registration Key=0
[04/19/21 11:32 AM ]----------------------------------------
[04/19/21 11:32 AM ]Operating System: Windows
[04/19/21 11:32 AM ]Current User: UmarovRA
[04/19/21 11:32 AM ]System Registration Key: 7931680
[04/19/21 11:32 AM ]Node Lock: V2Q29XC
[04/19/21 11:32 AM ]
[04/19/21 11:32 AM ]----------------------------------------
[04/19/21 11:32 AM ]
[04/19/21 11:32 AM ]
[04/19/21 11:32 AM ]License: Embarcadero RAD Studio 2010 Architect
[04/19/21 11:32 AM ]Registration Key=7931680
[04/19/21 11:32 AM ]Serial Number=HAAL-DANSGN-FZR5AG-M3BS
[04/19/21 11:32 AM ]
[04/19/21 11:32 AM ]
[04/19/21 11:32 AM ]License: RAD Studio 2010 Architect
[04/19/21 11:32 AM ]Registration Key=0
[04/19/21 12:12 PM ]----------------------------------------
[04/19/21 12:12 PM ]Operating System: Windows
[04/19/21 12:12 PM ]Current User: UmarovRA
[04/19/21 12:12 PM ]System Registration Key: 7931680
[04/19/21 12:12 PM ]Node Lock: V2Q29XC
[04/19/21 12:12 PM ]
[04/19/21 12:12 PM ]----------------------------------------
[04/19/21 12:12 PM ]
[04/19/21 12:12 PM ]
[04/19/21 12:12 PM ]License: Embarcadero RAD Studio 2010 Architect
[04/19/21 12:12 PM ]Registration Key=7931680
[04/19/21 12:12 PM ]Serial Number=HAAL-DANSGN-FZR5AG-M3BS
[04/19/21 12:12 PM ]
[04/19/21 12:12 PM ]
[04/19/21 12:12 PM ]License: RAD Studio 2010 Architect
[04/19/21 12:12 PM ]Registration Key=0
[04/19/21 01:30 PM ]----------------------------------------
[04/19/21 01:30 PM ]Operating System: Windows
[04/19/21 01:30 PM ]Current User: UmarovRA
[04/19/21 01:30 PM ]System Registration Key: 7931680
[04/19/21 01:30 PM ]Node Lock: V2Q29XC
[04/19/21 01:30 PM ]
[04/19/21 01:30 PM ]----------------------------------------
[04/19/21 01:30 PM ]
[04/19/21 01:30 PM ]
[04/19/21 01:30 PM ]License: Embarcadero RAD Studio 2010 Architect
[04/19/21 01:30 PM ]Registration Key=7931680
[04/19/21 01:30 PM ]Serial Number=HAAL-DANSGN-FZR5AG-M3BS
[04/19/21 01:30 PM ]
[04/19/21 01:30 PM ]
[04/19/21 01:30 PM ]License: RAD Studio 2010 Architect
[04/19/21 01:30 PM ]Registration Key=0
[04/19/21 01:33 PM ]----------------------------------------
[04/19/21 01:33 PM ]Operating System: Windows
[04/19/21 01:33 PM ]Current User: UmarovRA
[04/19/21 01:33 PM ]System Registration Key: 7931680
[04/19/21 01:33 PM ]Node Lock: V2Q29XC
[04/19/21 01:33 PM ]
[04/19/21 01:33 PM ]----------------------------------------
[04/19/21 01:33 PM ]
[04/19/21 01:33 PM ]
[04/19/21 01:33 PM ]License: Embarcadero RAD Studio 2010 Architect
[04/19/21 01:33 PM ]Registration Key=7931680
[04/19/21 01:33 PM ]Serial Number=HAAL-DANSGN-FZR5AG-M3BS
[04/19/21 01:33 PM ]
[04/19/21 01:33 PM ]
[04/19/21 01:33 PM ]License: RAD Studio 2010 Architect
[04/19/21 01:33 PM ]Registration Key=0
[04/19/21 01:36 PM ]----------------------------------------
[04/19/21 01:36 PM ]Operating System: Windows
[04/19/21 01:36 PM ]Current User: UmarovRA
[04/19/21 01:36 PM ]System Registration Key: 7931680
[04/19/21 01:36 PM ]Node Lock: V2Q29XC
[04/19/21 01:36 PM ]
[04/19/21 01:36 PM ]----------------------------------------
[04/19/21 01:36 PM ]
[04/19/21 01:36 PM ]
[04/19/21 01:36 PM ]License: Embarcadero RAD Studio 2010 Architect
[04/19/21 01:36 PM ]Registration Key=7931680
[04/19/21 01:36 PM ]Serial Number=HAAL-DANSGN-FZR5AG-M3BS
[04/19/21 01:36 PM ]
[04/19/21 01:36 PM ]
[04/19/21 01:36 PM ]License: RAD Studio 2010 Architect
[04/19/21 01:36 PM ]Registration Key=0
[04/19/21 01:40 PM ]----------------------------------------
[04/19/21 01:40 PM ]Operating System: Windows
[04/19/21 01:40 PM ]Current User: UmarovRA
[04/19/21 01:40 PM ]System Registration Key: 7931680
[04/19/21 01:40 PM ]Node Lock: V2Q29XC
[04/19/21 01:40 PM ]
[04/19/21 01:40 PM ]----------------------------------------
[04/19/21 01:40 PM ]
[04/19/21 01:40 PM ]
[04/19/21 01:40 PM ]License: Embarcadero RAD Studio 2010 Architect
[04/19/21 01:40 PM ]Registration Key=7931680
[04/19/21 01:40 PM ]Serial Number=HAAL-DANSGN-FZR5AG-M3BS
[04/19/21 01:40 PM ]
[04/19/21 01:40 PM ]
[04/19/21 01:40 PM ]License: RAD Studio 2010 Architect
[04/19/21 01:40 PM ]Registration Key=0
[04/19/21 01:43 PM ]----------------------------------------
[04/19/21 01:43 PM ]Operating System: Windows
[04/19/21 01:43 PM ]Current User: UmarovRA
[04/19/21 01:43 PM ]System Registration Key: 7931680
[04/19/21 01:43 PM ]Node Lock: V2Q29XC
[04/19/21 01:43 PM ]
[04/19/21 01:43 PM ]----------------------------------------
[04/19/21 01:43 PM ]
[04/19/21 01:43 PM ]
[04/19/21 01:43 PM ]License: Embarcadero RAD Studio 2010 Architect
[04/19/21 01:43 PM ]Registration Key=7931680
[04/19/21 01:43 PM ]Serial Number=HAAL-DANSGN-FZR5AG-M3BS
[04/19/21 01:43 PM ]
[04/19/21 01:43 PM ]
[04/19/21 01:43 PM ]License: RAD Studio 2010 Architect
[04/19/21 01:43 PM ]Registration Key=0
[04/19/21 01:46 PM ]----------------------------------------
[04/19/21 01:46 PM ]Operating System: Windows
[04/19/21 01:46 PM ]Current User: UmarovRA
[04/19/21 01:46 PM ]System Registration Key: 7931680
[04/19/21 01:46 PM ]Node Lock: V2Q29XC
[04/19/21 01:46 PM ]
[04/19/21 01:46 PM ]----------------------------------------
[04/19/21 01:46 PM ]
[04/19/21 01:46 PM ]
[04/19/21 01:46 PM ]License: Embarcadero RAD Studio 2010 Architect
[04/19/21 01:46 PM ]Registration Key=7931680
[04/19/21 01:46 PM ]Serial Number=HAAL-DANSGN-FZR5AG-M3BS
[04/19/21 01:46 PM ]
[04/19/21 01:46 PM ]
[04/19/21 01:46 PM ]License: RAD Studio 2010 Architect
[04/19/21 01:46 PM ]Registration Key=0
[04/19/21 01:48 PM ]----------------------------------------
[04/19/21 01:48 PM ]Operating System: Windows
[04/19/21 01:48 PM ]Current User: UmarovRA
[04/19/21 01:48 PM ]System Registration Key: 7931680
[04/19/21 01:48 PM ]Node Lock: V2Q29XC
[04/19/21 01:48 PM ]
[04/19/21 01:48 PM ]----------------------------------------
[04/19/21 01:48 PM ]
[04/19/21 01:48 PM ]
[04/19/21 01:48 PM ]License: Embarcadero RAD Studio 2010 Architect
[04/19/21 01:48 PM ]Registration Key=7931680
[04/19/21 01:48 PM ]Serial Number=HAAL-DANSGN-FZR5AG-M3BS
[04/19/21 01:48 PM ]
[04/19/21 01:48 PM ]
[04/19/21 01:48 PM ]License: RAD Studio 2010 Architect
[04/19/21 01:48 PM ]Registration Key=0
[04/19/21 01:57 PM ]----------------------------------------
[04/19/21 01:57 PM ]Operating System: Windows
[04/19/21 01:57 PM ]Current User: UmarovRA
[04/19/21 01:57 PM ]System Registration Key: 7931680
[04/19/21 01:57 PM ]Node Lock: V2Q29XC
[04/19/21 01:57 PM ]
[04/19/21 01:57 PM ]----------------------------------------
[04/19/21 01:57 PM ]
[04/19/21 01:57 PM ]
[04/19/21 01:57 PM ]License: Embarcadero RAD Studio 2010 Architect
[04/19/21 01:57 PM ]Registration Key=7931680
[04/19/21 01:57 PM ]Serial Number=HAAL-DANSGN-FZR5AG-M3BS
[04/19/21 01:57 PM ]
[04/19/21 01:57 PM ]
[04/19/21 01:57 PM ]License: RAD Studio 2010 Architect
[04/19/21 01:57 PM ]Registration Key=0
[04/19/21 01:58 PM ]----------------------------------------
[04/19/21 01:58 PM ]Operating System: Windows
[04/19/21 01:58 PM ]Current User: UmarovRA
[04/19/21 01:58 PM ]System Registration Key: 7931680
[04/19/21 01:58 PM ]Node Lock: V2Q29XC
[04/19/21 01:58 PM ]
[04/19/21 01:58 PM ]----------------------------------------
[04/19/21 01:58 PM ]
[04/19/21 01:58 PM ]
[04/19/21 01:58 PM ]License: Embarcadero RAD Studio 2010 Architect
[04/19/21 01:58 PM ]Registration Key=7931680
[04/19/21 01:58 PM ]Serial Number=HAAL-DANSGN-FZR5AG-M3BS
[04/19/21 01:58 PM ]
[04/19/21 01:58 PM ]
[04/19/21 01:58 PM ]License: RAD Studio 2010 Architect
[04/19/21 01:58 PM ]Registration Key=0
[04/19/21 01:59 PM ]----------------------------------------
[04/19/21 01:59 PM ]Operating System: Windows
[04/19/21 01:59 PM ]Current User: UmarovRA
[04/19/21 01:59 PM ]System Registration Key: 7931680
[04/19/21 01:59 PM ]Node Lock: V2Q29XC
[04/19/21 01:59 PM ]
[04/19/21 01:59 PM ]----------------------------------------
[04/19/21 01:59 PM ]
[04/19/21 01:59 PM ]
[04/19/21 01:59 PM ]License: Embarcadero RAD Studio 2010 Architect
[04/19/21 01:59 PM ]Registration Key=7931680
[04/19/21 01:59 PM ]Serial Number=HAAL-DANSGN-FZR5AG-M3BS
[04/19/21 01:59 PM ]
[04/19/21 01:59 PM ]
[04/19/21 01:59 PM ]License: RAD Studio 2010 Architect
[04/19/21 01:59 PM ]Registration Key=0
[04/19/21 03:16 PM ]----------------------------------------
[04/19/21 03:16 PM ]Operating System: Windows
[04/19/21 03:16 PM ]Current User: UmarovRA
[04/19/21 03:16 PM ]System Registration Key: 7931680
[04/19/21 03:16 PM ]Node Lock: V2Q29XC
[04/19/21 03:16 PM ]
[04/19/21 03:16 PM ]----------------------------------------
[04/19/21 03:16 PM ]
[04/19/21 03:16 PM ]
[04/19/21 03:16 PM ]License: Embarcadero RAD Studio 2010 Architect
[04/19/21 03:16 PM ]Registration Key=7931680
[04/19/21 03:16 PM ]Serial Number=HAAL-DANSGN-FZR5AG-M3BS
[04/19/21 03:16 PM ]
[04/19/21 03:16 PM ]
[04/19/21 03:16 PM ]License: RAD Studio 2010 Architect
[04/19/21 03:16 PM ]Registration Key=0
[04/19/21 03:27 PM ]----------------------------------------
[04/19/21 03:27 PM ]Operating System: Windows
[04/19/21 03:27 PM ]Current User: UmarovRA
[04/19/21 03:27 PM ]System Registration Key: 7931680
[04/19/21 03:27 PM ]Node Lock: V2Q29XC
[04/19/21 03:27 PM ]
[04/19/21 03:27 PM ]----------------------------------------
[04/19/21 03:27 PM ]
[04/19/21 03:27 PM ]
[04/19/21 03:27 PM ]License: Embarcadero RAD Studio 2010 Architect
[04/19/21 03:27 PM ]Registration Key=7931680
[04/19/21 03:27 PM ]Serial Number=HAAL-DANSGN-FZR5AG-M3BS
[04/19/21 03:27 PM ]
[04/19/21 03:27 PM ]
[04/19/21 03:27 PM ]License: RAD Studio 2010 Architect
[04/19/21 03:27 PM ]Registration Key=0
[04/19/21 03:29 PM ]----------------------------------------
[04/19/21 03:29 PM ]Operating System: Windows
[04/19/21 03:29 PM ]Current User: UmarovRA
[04/19/21 03:29 PM ]System Registration Key: 7931680
[04/19/21 03:29 PM ]Node Lock: V2Q29XC
[04/19/21 03:29 PM ]
[04/19/21 03:29 PM ]----------------------------------------
[04/19/21 03:29 PM ]
[04/19/21 03:29 PM ]
[04/19/21 03:29 PM ]License: Embarcadero RAD Studio 2010 Architect
[04/19/21 03:29 PM ]Registration Key=7931680
[04/19/21 03:29 PM ]Serial Number=HAAL-DANSGN-FZR5AG-M3BS
[04/19/21 03:29 PM ]
[04/19/21 03:29 PM ]
[04/19/21 03:29 PM ]License: RAD Studio 2010 Architect
[04/19/21 03:29 PM ]Registration Key=0
[04/19/21 03:30 PM ]----------------------------------------
[04/19/21 03:30 PM ]Operating System: Windows
[04/19/21 03:30 PM ]Current User: UmarovRA
[04/19/21 03:30 PM ]System Registration Key: 7931680
[04/19/21 03:30 PM ]Node Lock: V2Q29XC
[04/19/21 03:30 PM ]
[04/19/21 03:30 PM ]----------------------------------------
[04/19/21 03:30 PM ]
[04/19/21 03:30 PM ]
[04/19/21 03:30 PM ]License: Embarcadero RAD Studio 2010 Architect
[04/19/21 03:30 PM ]Registration Key=7931680
[04/19/21 03:30 PM ]Serial Number=HAAL-DANSGN-FZR5AG-M3BS
[04/19/21 03:30 PM ]
[04/19/21 03:30 PM ]
[04/19/21 03:30 PM ]License: RAD Studio 2010 Architect
[04/19/21 03:30 PM ]Registration Key=0
[04/19/21 03:33 PM ]----------------------------------------
[04/19/21 03:33 PM ]Operating System: Windows
[04/19/21 03:33 PM ]Current User: UmarovRA
[04/19/21 03:33 PM ]System Registration Key: 7931680
[04/19/21 03:33 PM ]Node Lock: V2Q29XC
[04/19/21 03:33 PM ]
[04/19/21 03:33 PM ]----------------------------------------
[04/19/21 03:33 PM ]
[04/19/21 03:33 PM ]
[04/19/21 03:33 PM ]License: Embarcadero RAD Studio 2010 Architect
[04/19/21 03:33 PM ]Registration Key=7931680
[04/19/21 03:33 PM ]Serial Number=HAAL-DANSGN-FZR5AG-M3BS
[04/19/21 03:33 PM ]
[04/19/21 03:33 PM ]
[04/19/21 03:33 PM ]License: RAD Studio 2010 Architect
[04/19/21 03:33 PM ]Registration Key=0
[04/19/21 04:13 PM ]----------------------------------------
[04/19/21 04:13 PM ]Operating System: Windows
[04/19/21 04:13 PM ]Current User: UmarovRA
[04/19/21 04:13 PM ]System Registration Key: 7931680
[04/19/21 04:13 PM ]Node Lock: V2Q29XC
[04/19/21 04:13 PM ]
[04/19/21 04:13 PM ]----------------------------------------
[04/19/21 04:13 PM ]
[04/19/21 04:13 PM ]
[04/19/21 04:13 PM ]License: Embarcadero RAD Studio 2010 Architect
[04/19/21 04:13 PM ]Registration Key=7931680
[04/19/21 04:13 PM ]Serial Number=HAAL-DANSGN-FZR5AG-M3BS
[04/19/21 04:13 PM ]
[04/19/21 04:13 PM ]
[04/19/21 04:13 PM ]License: RAD Studio 2010 Architect
[04/19/21 04:13 PM ]Registration Key=0
[04/19/21 04:18 PM ]----------------------------------------
[04/19/21 04:18 PM ]Operating System: Windows
[04/19/21 04:18 PM ]Current User: UmarovRA
[04/19/21 04:18 PM ]System Registration Key: 7931680
[04/19/21 04:18 PM ]Node Lock: V2Q29XC
[04/19/21 04:18 PM ]
[04/19/21 04:18 PM ]----------------------------------------
[04/19/21 04:18 PM ]
[04/19/21 04:18 PM ]
[04/19/21 04:18 PM ]License: Embarcadero RAD Studio 2010 Architect
[04/19/21 04:18 PM ]Registration Key=7931680
[04/19/21 04:18 PM ]Serial Number=HAAL-DANSGN-FZR5AG-M3BS
[04/19/21 04:18 PM ]
[04/19/21 04:18 PM ]
[04/19/21 04:18 PM ]License: RAD Studio 2010 Architect
[04/19/21 04:18 PM ]Registration Key=0
[04/19/21 04:28 PM ]----------------------------------------
[04/19/21 04:28 PM ]Operating System: Windows
[04/19/21 04:28 PM ]Current User: UmarovRA
[04/19/21 04:28 PM ]System Registration Key: 7931680
[04/19/21 04:28 PM ]Node Lock: V2Q29XC
[04/19/21 04:28 PM ]
[04/19/21 04:28 PM ]----------------------------------------
[04/19/21 04:28 PM ]
[04/19/21 04:28 PM ]
[04/19/21 04:28 PM ]License: Embarcadero RAD Studio 2010 Architect
[04/19/21 04:28 PM ]Registration Key=7931680
[04/19/21 04:28 PM ]Serial Number=HAAL-DANSGN-FZR5AG-M3BS
[04/19/21 04:28 PM ]
[04/19/21 04:28 PM ]
[04/19/21 04:28 PM ]License: RAD Studio 2010 Architect
[04/19/21 04:28 PM ]Registration Key=0
[04/19/21 04:41 PM ]----------------------------------------
[04/19/21 04:41 PM ]Operating System: Windows
[04/19/21 04:41 PM ]Current User: UmarovRA
[04/19/21 04:41 PM ]System Registration Key: 7931680
[04/19/21 04:41 PM ]Node Lock: V2Q29XC
[04/19/21 04:41 PM ]
[04/19/21 04:41 PM ]----------------------------------------
[04/19/21 04:41 PM ]
[04/19/21 04:41 PM ]
[04/19/21 04:41 PM ]License: Embarcadero RAD Studio 2010 Architect
[04/19/21 04:41 PM ]Registration Key=7931680
[04/19/21 04:41 PM ]Serial Number=HAAL-DANSGN-FZR5AG-M3BS
[04/19/21 04:41 PM ]
[04/19/21 04:41 PM ]
[04/19/21 04:41 PM ]License: RAD Studio 2010 Architect
[04/19/21 04:41 PM ]Registration Key=0
[04/21/21 12:10 PM ]----------------------------------------
[04/21/21 12:10 PM ]Operating System: Windows
[04/21/21 12:10 PM ]Current User: UmarovRA
[04/21/21 12:10 PM ]System Registration Key: 7931680
[04/21/21 12:10 PM ]Node Lock: V2Q29XC
[04/21/21 12:10 PM ]
[04/21/21 12:10 PM ]----------------------------------------
[04/21/21 12:10 PM ]
[04/21/21 12:10 PM ]
[04/21/21 12:10 PM ]License: Embarcadero RAD Studio 2010 Architect
[04/21/21 12:10 PM ]Registration Key=7931680
[04/21/21 12:10 PM ]Serial Number=HAAL-DANSGN-FZR5AG-M3BS
[04/21/21 12:10 PM ]
[04/21/21 12:10 PM ]
[04/21/21 12:10 PM ]License: RAD Studio 2010 Architect
[04/21/21 12:10 PM ]Registration Key=0
[05/12/21 02:47 PM ]----------------------------------------
[05/12/21 02:47 PM ]Operating System: Windows
[05/12/21 02:47 PM ]Current User: UmarovRA
[05/12/21 02:47 PM ]System Registration Key: 7931680
[05/12/21 02:47 PM ]Node Lock: V2Q29XC
[05/12/21 02:47 PM ]
[05/12/21 02:47 PM ]----------------------------------------
[05/12/21 02:47 PM ]
[05/12/21 02:47 PM ]
[05/12/21 02:47 PM ]License: Embarcadero RAD Studio 2010 Architect
[05/12/21 02:47 PM ]Registration Key=7931680
[05/12/21 02:47 PM ]Serial Number=HAAL-DANSGN-FZR5AG-M3BS
[05/12/21 02:47 PM ]
[05/12/21 02:47 PM ]
[05/12/21 02:47 PM ]License: RAD Studio 2010 Architect
[05/12/21 02:47 PM ]Registration Key=0
[05/13/21 09:13 AM ]----------------------------------------
[05/13/21 09:13 AM ]Operating System: Windows
[05/13/21 09:13 AM ]Current User: UmarovRA
[05/13/21 09:13 AM ]System Registration Key: 7931680
[05/13/21 09:13 AM ]Node Lock: V2Q29XC
[05/13/21 09:13 AM ]
[05/13/21 09:13 AM ]----------------------------------------
[05/13/21 09:13 AM ]
[05/13/21 09:13 AM ]
[05/13/21 09:13 AM ]License: Embarcadero RAD Studio 2010 Architect
[05/13/21 09:13 AM ]Registration Key=7931680
[05/13/21 09:13 AM ]Serial Number=HAAL-DANSGN-FZR5AG-M3BS
[05/13/21 09:13 AM ]
[05/13/21 09:13 AM ]
[05/13/21 09:13 AM ]License: RAD Studio 2010 Architect
[05/13/21 09:13 AM ]Registration Key=0
[05/19/21 10:05 AM ]----------------------------------------
[05/19/21 10:05 AM ]Operating System: Windows
[05/19/21 10:05 AM ]Current User: UmarovRA
[05/19/21 10:05 AM ]System Registration Key: 7931680
[05/19/21 10:05 AM ]Node Lock: V2Q29XC
[05/19/21 10:05 AM ]
[05/19/21 10:05 AM ]----------------------------------------
[05/19/21 10:05 AM ]
[05/19/21 10:05 AM ]
[05/19/21 10:05 AM ]License: Embarcadero RAD Studio 2010 Architect
[05/19/21 10:05 AM ]Registration Key=7931680
[05/19/21 10:05 AM ]Serial Number=HAAL-DANSGN-FZR5AG-M3BS
[05/19/21 10:05 AM ]
[05/19/21 10:05 AM ]
[05/19/21 10:05 AM ]License: RAD Studio 2010 Architect
[05/19/21 10:05 AM ]Registration Key=0
[05/20/21 03:46 PM ]----------------------------------------
[05/20/21 03:46 PM ]Operating System: Windows
[05/20/21 03:46 PM ]Current User: UmarovRA
[05/20/21 03:46 PM ]System Registration Key: 7931680
[05/20/21 03:46 PM ]Node Lock: V2Q29XC
[05/20/21 03:46 PM ]
[05/20/21 03:46 PM ]----------------------------------------
[05/20/21 03:46 PM ]
[05/20/21 03:46 PM ]
[05/20/21 03:46 PM ]License: Embarcadero RAD Studio 2010 Architect
[05/20/21 03:46 PM ]Registration Key=7931680
[05/20/21 03:46 PM ]Serial Number=HAAL-DANSGN-FZR5AG-M3BS
[05/20/21 03:46 PM ]
[05/20/21 03:46 PM ]
[05/20/21 03:46 PM ]License: RAD Studio 2010 Architect
[05/20/21 03:46 PM ]Registration Key=0
[05/28/21 01:29 PM ]----------------------------------------
[05/28/21 01:29 PM ]Operating System: Windows
[05/28/21 01:29 PM ]Current User: UmarovRA
[05/28/21 01:29 PM ]System Registration Key: 7931680
[05/28/21 01:29 PM ]Node Lock: V2Q29XC
[05/28/21 01:29 PM ]
[05/28/21 01:29 PM ]----------------------------------------
[05/28/21 01:29 PM ]
[05/28/21 01:29 PM ]
[05/28/21 01:29 PM ]License: Embarcadero RAD Studio 2010 Architect
[05/28/21 01:29 PM ]Registration Key=7931680
[05/28/21 01:29 PM ]Serial Number=HAAL-DANSGN-FZR5AG-M3BS
[05/28/21 01:29 PM ]
[05/28/21 01:29 PM ]
[05/28/21 01:29 PM ]License: RAD Studio 2010 Architect
[05/28/21 01:29 PM ]Registration Key=0
[06/18/21 10:30 AM ]----------------------------------------
[06/18/21 10:30 AM ]Operating System: Windows
[06/18/21 10:30 AM ]Current User: UmarovRA
[06/18/21 10:30 AM ]System Registration Key: 7931680
[06/18/21 10:30 AM ]Node Lock: V2Q29XC
[06/18/21 10:30 AM ]
[06/18/21 10:30 AM ]----------------------------------------
[06/18/21 10:30 AM ]
[06/18/21 10:30 AM ]
[06/18/21 10:30 AM ]License: Embarcadero RAD Studio 2010 Architect
[06/18/21 10:30 AM ]Registration Key=7931680
[06/18/21 10:30 AM ]Serial Number=HAAL-DANSGN-FZR5AG-M3BS
[06/18/21 10:30 AM ]
[06/18/21 10:30 AM ]
[06/18/21 10:30 AM ]License: RAD Studio 2010 Architect
[06/18/21 10:30 AM ]Registration Key=0
[07/28/21 11:50 AM ]----------------------------------------
[07/28/21 11:50 AM ]Operating System: Windows
[07/28/21 11:50 AM ]Current User: UmarovRA
[07/28/21 11:50 AM ]System Registration Key: 7931680
[07/28/21 11:50 AM ]Node Lock: V2Q29XC
[07/28/21 11:50 AM ]
[07/28/21 11:50 AM ]----------------------------------------
[07/28/21 11:50 AM ]
[07/28/21 11:50 AM ]
[07/28/21 11:50 AM ]License: Embarcadero RAD Studio 2010 Architect
[07/28/21 11:50 AM ]Registration Key=7931680
[07/28/21 11:50 AM ]Serial Number=HAAL-DANSGN-FZR5AG-M3BS
[07/28/21 11:50 AM ]
[07/28/21 11:50 AM ]
[07/28/21 11:50 AM ]License: RAD Studio 2010 Architect
[07/28/21 11:50 AM ]Registration Key=0
[08/06/21 09:41 AM ]----------------------------------------
[08/06/21 09:41 AM ]Operating System: Windows
[08/06/21 09:41 AM ]Current User: UmarovRA
[08/06/21 09:41 AM ]System Registration Key: 7931680
[08/06/21 09:41 AM ]Node Lock: V2Q29XC
[08/06/21 09:41 AM ]
[08/06/21 09:41 AM ]----------------------------------------
[08/06/21 09:41 AM ]
[08/06/21 09:41 AM ]
[08/06/21 09:41 AM ]License: Embarcadero RAD Studio 2010 Architect
[08/06/21 09:41 AM ]Registration Key=7931680
[08/06/21 09:41 AM ]Serial Number=HAAL-DANSGN-FZR5AG-M3BS
[08/06/21 09:41 AM ]
[08/06/21 09:41 AM ]
[08/06/21 09:41 AM ]License: RAD Studio 2010 Architect
[08/06/21 09:41 AM ]Registration Key=0
[08/10/21 12:22 PM ]----------------------------------------
[08/10/21 12:22 PM ]Operating System: Windows
[08/10/21 12:22 PM ]Current User: UmarovRA
[08/10/21 12:22 PM ]System Registration Key: 7931680
[08/10/21 12:22 PM ]Node Lock: V2Q29XC
[08/10/21 12:22 PM ]
[08/10/21 12:22 PM ]----------------------------------------
[08/10/21 12:22 PM ]
[08/10/21 12:22 PM ]
[08/10/21 12:22 PM ]License: Embarcadero RAD Studio 2010 Architect
[08/10/21 12:22 PM ]Registration Key=7931680
[08/10/21 12:22 PM ]Serial Number=HAAL-DANSGN-FZR5AG-M3BS
[08/10/21 12:22 PM ]
[08/10/21 12:22 PM ]
[08/10/21 12:22 PM ]License: RAD Studio 2010 Architect
[08/10/21 12:22 PM ]Registration Key=0
[08/10/21 03:02 PM ]----------------------------------------
[08/10/21 03:02 PM ]Operating System: Windows
[08/10/21 03:02 PM ]Current User: UmarovRA
[08/10/21 03:02 PM ]System Registration Key: 7931680
[08/10/21 03:02 PM ]Node Lock: V2Q29XC
[08/10/21 03:02 PM ]
[08/10/21 03:02 PM ]----------------------------------------
[08/10/21 03:02 PM ]
[08/10/21 03:02 PM ]
[08/10/21 03:02 PM ]License: Embarcadero RAD Studio 2010 Architect
[08/10/21 03:02 PM ]Registration Key=7931680
[08/10/21 03:02 PM ]Serial Number=HAAL-DANSGN-FZR5AG-M3BS
[08/10/21 03:02 PM ]
[08/10/21 03:02 PM ]
[08/10/21 03:02 PM ]License: RAD Studio 2010 Architect
[08/10/21 03:02 PM ]Registration Key=0
[08/16/21 05:52 PM ]----------------------------------------
[08/16/21 05:52 PM ]Operating System: Windows
[08/16/21 05:52 PM ]Current User: UmarovRA
[08/16/21 05:52 PM ]System Registration Key: 7931680
[08/16/21 05:52 PM ]Node Lock: V2Q29XC
[08/16/21 05:52 PM ]
[08/16/21 05:52 PM ]----------------------------------------
[08/16/21 05:52 PM ]
[08/16/21 05:52 PM ]
[08/16/21 05:52 PM ]License: Embarcadero RAD Studio 2010 Architect
[08/16/21 05:52 PM ]Registration Key=7931680
[08/16/21 05:52 PM ]Serial Number=HAAL-DANSGN-FZR5AG-M3BS
[08/16/21 05:52 PM ]
[08/16/21 05:52 PM ]
[08/16/21 05:52 PM ]License: RAD Studio 2010 Architect
[08/16/21 05:52 PM ]Registration Key=0
[08/17/21 08:58 AM ]----------------------------------------
[08/17/21 08:58 AM ]Operating System: Windows
[08/17/21 08:58 AM ]Current User: UmarovRA
[08/17/21 08:58 AM ]System Registration Key: 7931680
[08/17/21 08:58 AM ]Node Lock: V2Q29XC
[08/17/21 08:58 AM ]
[08/17/21 08:58 AM ]----------------------------------------
[08/17/21 08:58 AM ]
[08/17/21 08:58 AM ]
[08/17/21 08:58 AM ]License: Embarcadero RAD Studio 2010 Architect
[08/17/21 08:58 AM ]Registration Key=7931680
[08/17/21 08:58 AM ]Serial Number=HAAL-DANSGN-FZR5AG-M3BS
[08/17/21 08:58 AM ]
[08/17/21 08:58 AM ]
[08/17/21 08:58 AM ]License: RAD Studio 2010 Architect
[08/17/21 08:58 AM ]Registration Key=0
[01/17/22 04:33 PM ]----------------------------------------
[01/17/22 04:33 PM ]Operating System: Windows
[01/17/22 04:33 PM ]Current User: UmarovRA
[01/17/22 04:33 PM ]System Registration Key: 7931680
[01/17/22 04:33 PM ]Node Lock: V2Q29XC
[01/17/22 04:33 PM ]
[01/17/22 04:33 PM ]----------------------------------------
[01/17/22 04:33 PM ]
[01/17/22 04:33 PM ]
[01/17/22 04:33 PM ]License: Embarcadero RAD Studio 2010 Architect
[01/17/22 04:33 PM ]Registration Key=7931680
[01/17/22 04:33 PM ]Serial Number=HAAL-DANSGN-FZR5AG-M3BS
[01/17/22 04:33 PM ]
[01/17/22 04:33 PM ]
[01/17/22 04:33 PM ]License: RAD Studio 2010 Architect
[01/17/22 04:33 PM ]Registration Key=0
[01/18/22 11:46 AM ]----------------------------------------
[01/18/22 11:46 AM ]Operating System: Windows
[01/18/22 11:46 AM ]Current User: UmarovRA
[01/18/22 11:46 AM ]System Registration Key: 7931680
[01/18/22 11:46 AM ]Node Lock: V2Q29XC
[01/18/22 11:46 AM ]
[01/18/22 11:46 AM ]----------------------------------------
[01/18/22 11:46 AM ]
[01/18/22 11:46 AM ]
[01/18/22 11:46 AM ]License: Embarcadero RAD Studio 2010 Architect
[01/18/22 11:46 AM ]Registration Key=7931680
[01/18/22 11:46 AM ]Serial Number=HAAL-DANSGN-FZR5AG-M3BS
[01/18/22 11:46 AM ]
[01/18/22 11:46 AM ]
[01/18/22 11:46 AM ]License: RAD Studio 2010 Architect
[01/18/22 11:46 AM ]Registration Key=0
[01/19/22 02:10 PM ]----------------------------------------
[01/19/22 02:10 PM ]Operating System: Windows
[01/19/22 02:10 PM ]Current User: UmarovRA
[01/19/22 02:10 PM ]System Registration Key: 7931680
[01/19/22 02:10 PM ]Node Lock: V2Q29XC
[01/19/22 02:10 PM ]
[01/19/22 02:10 PM ]----------------------------------------
[01/19/22 02:10 PM ]
[01/19/22 02:10 PM ]
[01/19/22 02:10 PM ]License: Embarcadero RAD Studio 2010 Architect
[01/19/22 02:10 PM ]Registration Key=7931680
[01/19/22 02:10 PM ]Serial Number=HAAL-DANSGN-FZR5AG-M3BS
[01/19/22 02:10 PM ]
[01/19/22 02:10 PM ]
[01/19/22 02:10 PM ]License: RAD Studio 2010 Architect
[01/19/22 02:10 PM ]Registration Key=0
